\BOOKMARK [0][-]{chapter.1}{\376\377\000U\000v\000o\000d}{}% 1
\BOOKMARK [0][-]{chapter.2}{\376\377\000S\000t\000r\000u\000k\000t\000u\000r\000a\000\040\000p\000r\000o\000j\000e\000k\000t\000a}{}% 2
\BOOKMARK [1][-]{section.2.1}{\376\377\000P\000r\000o\000z\000o\000r}{chapter.2}% 3
\BOOKMARK [1][-]{section.2.2}{\376\377\000D\000n\000e\000v\000n\000i\000k}{chapter.2}% 4
\BOOKMARK [1][-]{section.2.3}{\376\377\000S\000u\000s\000t\000a\000v\000\040\000d\000o\000g\000a\001\021\000a\000j\000a}{chapter.2}% 5
\BOOKMARK [1][-]{section.2.4}{\376\377\000I\000s\000p\000i\000t\000\040\000u\000n\000o\000s\000a}{chapter.2}% 6
\BOOKMARK [1][-]{section.2.5}{\376\377\000S\000l\000o\000j\000e\000v\000i}{chapter.2}% 7
\BOOKMARK [1][-]{section.2.6}{\376\377\000P\000r\000i\000k\000a\000z\000i\000v\000a\001\015}{chapter.2}% 8
\BOOKMARK [1][-]{section.2.7}{\376\377\000K\000a\000m\000e\000r\000a}{chapter.2}% 9
\BOOKMARK [1][-]{section.2.8}{\376\377\000T\000r\000a\000n\000s\000f\000o\000r\000m\000a\000c\000i\000j\000a}{chapter.2}% 10
\BOOKMARK [1][-]{section.2.9}{\376\377\000S\000i\000j\000e\000n\001\015\000a\000r}{chapter.2}% 11
\BOOKMARK [0][-]{chapter.3}{\376\377\000I\000m\000p\000l\000e\000m\000e\000n\000t\000a\000c\000i\000j\000a\000\040\000f\000u\000n\000k\000c\000i\000o\000n\000a\000l\000n\000o\000s\000t\000i}{}% 12
\BOOKMARK [1][-]{section.3.1}{\376\377\000A\000p\000l\000i\000k\000a\000c\000i\000j\000a}{chapter.3}% 13
\BOOKMARK [1][-]{section.3.2}{\376\377\000P\000r\000o\000z\000o\000r}{chapter.3}% 14
\BOOKMARK [1][-]{section.3.3}{\376\377\000D\000n\000e\000v\000n\000i\000k}{chapter.3}% 15
\BOOKMARK [1][-]{section.3.4}{\376\377\000D\000o\000g\000a\001\021\000a\000j\000i}{chapter.3}% 16
\BOOKMARK [1][-]{section.3.5}{\376\377\000I\000s\000p\000i\000t\000\040\000u\000n\000o\000s\000a}{chapter.3}% 17
\BOOKMARK [1][-]{section.3.6}{\376\377\000S\000l\000o\000j\000e\000v\000i}{chapter.3}% 18
\BOOKMARK [1][-]{section.3.7}{\376\377\000P\000r\000i\000k\000a\000z\000i\000v\000a\001\015}{chapter.3}% 19
\BOOKMARK [1][-]{section.3.8}{\376\377\000K\000a\000m\000e\000r\000a}{chapter.3}% 20
\BOOKMARK [1][-]{section.3.9}{\376\377\000S\000i\000j\000e\000n\001\015\000a\000r}{chapter.3}% 21
\BOOKMARK [0][-]{chapter.4}{\376\377\000P\000r\000i\000m\000j\000e\000r\000\040\000i\000g\000r\000i\000c\000e\000\040\000-\000\040\000A\000s\000t\000e\000r\000o\000i\000d\000i}{}% 22
\BOOKMARK [1][-]{section.4.1}{\376\377\000Z\000n\000a\001\015\000a\000j\000k\000e}{chapter.4}% 23
\BOOKMARK [2][-]{subsection.4.1.1}{\376\377\000I\000g\000r\000a\001\015}{section.4.1}% 24
\BOOKMARK [2][-]{subsection.4.1.2}{\376\377\000A\000s\000t\000e\000r\000o\000i\000d\000i}{section.4.1}% 25
\BOOKMARK [2][-]{subsection.4.1.3}{\376\377\000P\000l\000a\000n\000e\000t\000i}{section.4.1}% 26
\BOOKMARK [2][-]{subsection.4.1.4}{\376\377\000Z\000v\000i\000j\000e\000z\000d\000e}{section.4.1}% 27
\BOOKMARK [2][-]{subsection.4.1.5}{\376\377\000K\000o\000r\000i\000s\000n\000i\001\015\000k\000o\000\040\000s\000u\001\015\000e\000l\000j\000e}{section.4.1}% 28
\BOOKMARK [1][-]{section.4.2}{\376\377\000I\000m\000p\000l\000e\000m\000e\000n\000t\000a\000c\000i\000j\000a\000\040\000z\000n\000a\001\015\000a\000j\000k\000i}{chapter.4}% 29
\BOOKMARK [2][-]{subsection.4.2.1}{\376\377\000I\000g\000r\000a\001\015}{section.4.2}% 30
\BOOKMARK [2][-]{subsection.4.2.2}{\376\377\000A\000s\000t\000e\000r\000o\000i\000d\000i}{section.4.2}% 31
\BOOKMARK [2][-]{subsection.4.2.3}{\376\377\000P\000l\000a\000n\000e\000t\000i}{section.4.2}% 32
\BOOKMARK [2][-]{subsection.4.2.4}{\376\377\000Z\000v\000i\000j\000e\000z\000d\000e}{section.4.2}% 33
\BOOKMARK [2][-]{subsection.4.2.5}{\376\377\000D\000e\000t\000e\000k\000c\000i\000j\000a\000\040\000s\000u\000d\000a\000r\000a}{section.4.2}% 34
\BOOKMARK [0][-]{chapter.5}{\376\377\000P\000r\000i\000m\000j\000e\000r\000\040\000i\000g\000r\000i\000c\000e\000\040\000-\000\040\000P\000l\000a\000t\000f\000o\000r\000m\000e\000r}{}% 35
\BOOKMARK [1][-]{section.5.1}{\376\377\000Z\000n\000a\001\015\000a\000j\000k\000e}{chapter.5}% 36
\BOOKMARK [2][-]{subsection.5.1.1}{\376\377\000I\000g\000r\000a\001\015}{section.5.1}% 37
\BOOKMARK [2][-]{subsection.5.1.2}{\376\377\000S\000k\000r\000i\000p\000t\000e}{section.5.1}% 38
\BOOKMARK [2][-]{subsection.5.1.3}{\376\377\000P\000r\000e\000p\000r\000e\000k\000e}{section.5.1}% 39
\BOOKMARK [2][-]{subsection.5.1.4}{\376\377\000K\000o\000r\000i\000s\000n\000i\001\015\000k\000o\000\040\000s\000u\001\015\000e\000l\000j\000e}{section.5.1}% 40
\BOOKMARK [1][-]{section.5.2}{\376\377\000I\000m\000p\000l\000e\000m\000e\000n\000t\000a\000c\000i\000j\000a\000\040\000z\000n\000a\001\015\000a\000j\000k\000i}{chapter.5}% 41
\BOOKMARK [2][-]{subsection.5.2.1}{\376\377\000I\000g\000r\000a\001\015}{section.5.2}% 42
\BOOKMARK [2][-]{subsection.5.2.2}{\376\377\000S\000k\000r\000i\000p\000t\000e}{section.5.2}% 43
\BOOKMARK [2][-]{subsection.5.2.3}{\376\377\000P\000r\000e\000p\000r\000e\000k\000e}{section.5.2}% 44
\BOOKMARK [2][-]{subsection.5.2.4}{\376\377\000D\000e\000t\000e\000k\000c\000i\000j\000a\000\040\000s\000u\000d\000a\000r\000a}{section.5.2}% 45
\BOOKMARK [0][-]{chapter*.2}{\376\377\000L\000i\000t\000e\000r\000a\000t\000u\000r\000a}{}% 46
\BOOKMARK [0][-]{chapter*.3}{\376\377\000S\000a\001\176\000e\000t\000a\000k}{}% 47
\BOOKMARK [0][-]{chapter*.4}{\376\377\000S\000u\000m\000m\000a\000r\000y}{}% 48
